<?xml version="1.0" encoding="UTF-8"?>
<testsuite name="LibraryTest" tests="1" skipped="0" failures="0" errors="0" timestamp="2017-01-23T07:05:25" hostname="01HW735755" time="0.016">
  <properties/>
  <testcase name="testSomeLibraryMethod" classname="LibraryTest" time="0.016"/>
  <system-out><![CDATA[]]></system-out>
  <system-err><![CDATA[]]></system-err>
</testsuite>
